<?xml version="1.0" encoding="UTF-8"?>
<testsuite xmlns:xsi="http://www.w3.org/2001/XMLSchema-instance" xsi:schemaLocation="https://maven.apache.org/surefire/maven-surefire-plugin/xsd/surefire-test-report.xsd" name="tests.TestLogin" time="9.859" tests="3" errors="0" skipped="0" failures="1">
  <properties>
[...]
</properties>
  <testcase name="succeeded" classname="tests.TestLogin" time="9.859"/>
  <testcase name="forceFailure" classname="tests.TestLogin" time="9.234">
    <failure message="success message wasn&apos;t present after login" type="java.lang.AssertionError">java.lang.AssertionError: success message wasn't present after login
	at tests.TestLogin.forceFailure(TestLogin.java:39)
</failure>
    <system-out><![CDATA[https://saucelabs.com/tests/527f4e6d09d141c7ac7359b80c6d4dc5
]]></system-out>
  </testcase>
  <testcase name="failed" classname="tests.TestLogin" time="9.226"/>
</testsuite>